2019-04-02 09:17:50  [ localhost-startStop-1:153 ] - [ INFO ]  FrameworkServlet 'smartGym-backEnd-web': initialization started
2019-04-02 09:17:50  [ localhost-startStop-1:207 ] - [ INFO ]  Refreshing WebApplicationContext for namespace 'smartGym-backEnd-web-servlet': startup date [Tue Apr 02 09:17:50 CST 2019]; root of context hierarchy
2019-04-02 09:17:50  [ localhost-startStop-1:294 ] - [ INFO ]  Loading XML bean definitions from file [C:\Users\zhouhang\Desktop\wechat\back3.25\smartGymBack\smartGym-backEnd\smartGym-backEnd-web\target\classes\spring\applicationContext-dao.xml]
2019-04-02 09:17:50  [ localhost-startStop-1:894 ] - [ INFO ]  Loading XML bean definitions from file [C:\Users\zhouhang\Desktop\wechat\back3.25\smartGymBack\smartGym-backEnd\smartGym-backEnd-web\target\classes\spring\applicationContext-redis.xml]
2019-04-02 09:17:50  [ localhost-startStop-1:929 ] - [ INFO ]  Loading XML bean definitions from file [C:\Users\zhouhang\Desktop\wechat\back3.25\smartGymBack\smartGym-backEnd\smartGym-backEnd-web\target\classes\spring\applicationContext-trans.xml]
2019-04-02 09:17:51  [ localhost-startStop-1:1048 ] - [ INFO ]  Loading XML bean definitions from file [C:\Users\zhouhang\Desktop\wechat\back3.25\smartGymBack\smartGym-backEnd\smartGym-backEnd-web\target\classes\spring\applicationContext-web.xml]
2019-04-02 09:17:52  [ localhost-startStop-1:2222 ] - [ INFO ]  Loading properties file from file [C:\Users\zhouhang\Desktop\wechat\back3.25\smartGymBack\smartGym-backEnd\smartGym-backEnd-web\target\classes\conf\db.properties]
2019-04-02 09:17:52  [ localhost-startStop-1:2223 ] - [ INFO ]  Loading properties file from file [C:\Users\zhouhang\Desktop\wechat\back3.25\smartGymBack\smartGym-backEnd\smartGym-backEnd-web\target\classes\conf\resource.properties]
2019-04-02 09:17:52  [ localhost-startStop-1:2247 ] - [ INFO ]  JSR-330 'javax.inject.Inject' annotation found and supported for autowiring
2019-04-02 09:17:57  [ localhost-startStop-1:7188 ] - [ INFO ]  Mapped "{[/smartgym/application/getApplicationListByStudentNo],methods=[POST || GET],consumes=[application/x-www-form-urlencoded;charset=utf-8]}" onto public common.utils.SGResult cn.smartGym.controller.ApplicationController.getApplicationListByStudentNo(java.lang.String)
2019-04-02 09:17:57  [ localhost-startStop-1:7191 ] - [ INFO ]  Mapped "{[/smartgym/application/addApplication],methods=[POST || GET],consumes=[application/x-www-form-urlencoded]}" onto public common.utils.SGResult cn.smartGym.controller.ApplicationController.addApplication(cn.smartGym.pojoCtr.ApplicationCtr)
2019-04-02 09:17:57  [ localhost-startStop-1:7194 ] - [ INFO ]  Mapped "{[/inform/addInform],methods=[POST || GET],consumes=[application/x-www-form-urlencoded;charset=utf-8]}" onto public common.utils.SGResult cn.smartGym.controller.InformController.addInform(cn.smartGym.pojo.Information)
2019-04-02 09:17:57  [ localhost-startStop-1:7195 ] - [ INFO ]  Mapped "{[/inform/getInformList],methods=[POST || GET],consumes=[application/x-www-form-urlencoded;charset=utf-8]}" onto public common.utils.SGResult cn.smartGym.controller.InformController.getInformList(java.lang.Integer)
2019-04-02 09:17:57  [ localhost-startStop-1:7196 ] - [ INFO ]  Mapped "{[/inform/getInformById],methods=[POST || GET],consumes=[application/x-www-form-urlencoded;charset=utf-8]}" onto public common.utils.SGResult cn.smartGym.controller.InformController.getInformById(java.lang.Long)
2019-04-02 09:17:57  [ localhost-startStop-1:7197 ] - [ INFO ]  Mapped "{[/inform/deleteInformById],methods=[POST || GET],consumes=[application/x-www-form-urlencoded;charset=utf-8]}" onto public common.utils.SGResult cn.smartGym.controller.InformController.deleteInformById(java.lang.Long) throws java.lang.Exception
2019-04-02 09:17:57  [ localhost-startStop-1:7197 ] - [ INFO ]  Mapped "{[/inform/updateInform],methods=[POST || GET],consumes=[application/x-www-form-urlencoded;charset=utf-8]}" onto public common.utils.SGResult cn.smartGym.controller.InformController.updateInform(cn.smartGym.pojo.Information)
2019-04-02 09:17:57  [ localhost-startStop-1:7204 ] - [ INFO ]  Mapped "{[/smartgym/item/getInfo1],methods=[POST || GET],consumes=[application/x-www-form-urlencoded;charset=utf-8]}" onto public common.utils.SGResult cn.smartGym.controller.ItemController.getInfoPage1(cn.smartGym.pojoCtr.ItemCtr)
2019-04-02 09:17:57  [ localhost-startStop-1:7205 ] - [ INFO ]  Mapped "{[/smartgym/item/getItemInfo],methods=[POST || GET],consumes=[application/x-www-form-urlencoded;charset=utf-8]}" onto public common.utils.SGResult cn.smartGym.controller.ItemController.getItemInfo(cn.smartGym.pojoCtr.ItemCtr)
2019-04-02 09:17:57  [ localhost-startStop-1:7205 ] - [ INFO ]  Mapped "{[/smartgym/item/getInfo],methods=[POST || GET],consumes=[application/x-www-form-urlencoded;charset=utf-8]}" onto public common.utils.SGResult cn.smartGym.controller.ItemController.getInfoPage(cn.smartGym.pojoCtr.ItemCtr)
2019-04-02 09:17:57  [ localhost-startStop-1:7206 ] - [ INFO ]  Mapped "{[/smartgym/item/getInfo2],methods=[POST || GET],consumes=[application/x-www-form-urlencoded;charset=utf-8]}" onto public common.utils.SGResult cn.smartGym.controller.ItemController.getInfoPage2(cn.smartGym.pojoCtr.ItemCtr)
2019-04-02 09:17:57  [ localhost-startStop-1:7207 ] - [ INFO ]  Mapped "{[/smartgym/item/getInfo3],methods=[POST || GET],consumes=[application/x-www-form-urlencoded;charset=utf-8]}" onto public common.utils.SGResult cn.smartGym.controller.ItemController.getInfoPage3(cn.smartGym.pojoCtr.ItemCtr)
2019-04-02 09:17:57  [ localhost-startStop-1:7226 ] - [ INFO ]  Mapped "{[/smartgym/manager/getPlayersListByItemDetailsAndCollege],methods=[POST || GET],consumes=[application/x-www-form-urlencoded;charset=utf-8]}" onto public common.utils.SGResult cn.smartGym.controller.ManagerController.getPlayersListByItemDetailsAndCollege(cn.smartGym.pojoCtr.ItemCtr,java.lang.String) throws java.lang.Exception
2019-04-02 09:17:57  [ localhost-startStop-1:7227 ] - [ INFO ]  Mapped "{[/smartgym/manager/generateApplicationsExcelByCollege],methods=[POST || GET]}" onto public common.utils.SGResult cn.smartGym.controller.ManagerController.generateApplicationsExcelByCollege(cn.smartGym.pojoCtr.ItemCtr,java.lang.String)
2019-04-02 09:17:57  [ localhost-startStop-1:7228 ] - [ INFO ]  Mapped "{[/smartgym/manager/getInfoGroupByCollege],methods=[POST || GET],consumes=[application/x-www-form-urlencoded;charset=utf-8]}" onto public common.utils.SGResult cn.smartGym.controller.ManagerController.getInfoGroupByCollege(cn.smartGym.pojoCtr.ItemCtr) throws java.lang.Exception
2019-04-02 09:17:57  [ localhost-startStop-1:7229 ] - [ INFO ]  Mapped "{[/smartgym/manager/getInfoGroupByItem],methods=[POST || GET],consumes=[application/x-www-form-urlencoded;charset=utf-8]}" onto public common.utils.SGResult cn.smartGym.controller.ManagerController.getInfoGroupByItem(cn.smartGym.pojoCtr.ItemCtr) throws java.lang.Exception
2019-04-02 09:17:57  [ localhost-startStop-1:7229 ] - [ INFO ]  Mapped "{[/smartgym/manager/getInfoGroupByCollegeDetail],methods=[POST || GET],consumes=[application/x-www-form-urlencoded;charset=utf-8]}" onto public common.utils.SGResult cn.smartGym.controller.ManagerController.getInfoGroupByCollegeDetail(cn.smartGym.pojoCtr.ItemCtr,java.lang.String) throws java.lang.Exception
2019-04-02 09:17:57  [ localhost-startStop-1:7230 ] - [ INFO ]  Mapped "{[/smartgym/manager/reviewByCollegeManager],methods=[POST || GET],consumes=[application/x-www-form-urlencoded;charset=utf-8]}" onto public common.utils.SGResult cn.smartGym.controller.ManagerController.reviewByCollegeManager(java.lang.Long[]) throws java.lang.Exception
2019-04-02 09:17:57  [ localhost-startStop-1:7231 ] - [ INFO ]  Mapped "{[/smartgym/manager/viewByUniversityManager],methods=[POST || GET],consumes=[application/x-www-form-urlencoded;charset=utf-8]}" onto public common.utils.SGResult cn.smartGym.controller.ManagerController.viewByUniversityManager(cn.smartGym.pojoCtr.ItemCtr) throws java.lang.Exception
2019-04-02 09:17:57  [ localhost-startStop-1:7232 ] - [ INFO ]  Mapped "{[/smartgym/manager/viewByCollegeManager],methods=[POST || GET],consumes=[application/x-www-form-urlencoded;charset=utf-8]}" onto public common.utils.SGResult cn.smartGym.controller.ManagerController.viewByCollegeManager(cn.smartGym.pojoCtr.ItemCtr,java.lang.String) throws java.lang.Exception
2019-04-02 09:17:57  [ localhost-startStop-1:7233 ] - [ INFO ]  Mapped "{[/smartgym/manager/reviewByUniversityManager],methods=[POST || GET],consumes=[application/x-www-form-urlencoded;charset=utf-8]}" onto public common.utils.SGResult cn.smartGym.controller.ManagerController.reviewByUniversityManager(cn.smartGym.pojoCtr.ItemCtr) throws java.lang.Exception
2019-04-02 09:17:57  [ localhost-startStop-1:7234 ] - [ INFO ]  Mapped "{[/smartgym/manager/getPlayersExcelFilePath],methods=[POST || GET]}" onto public common.utils.SGResult cn.smartGym.controller.ManagerController.getPlayersExcelFilePath(cn.smartGym.pojoCtr.ItemCtr)
2019-04-02 09:17:57  [ localhost-startStop-1:7235 ] - [ INFO ]  Mapped "{[/smartgym/manager/getInfoGroupByItemDetail],methods=[POST || GET],consumes=[application/x-www-form-urlencoded;charset=utf-8]}" onto public common.utils.SGResult cn.smartGym.controller.ManagerController.getInfoGroupByItemDetail(java.lang.Long) throws java.lang.Exception
2019-04-02 09:17:57  [ localhost-startStop-1:7235 ] - [ INFO ]  Mapped "{[/smartgym/manager/hardDelete],methods=[POST || GET],consumes=[application/x-www-form-urlencoded;charset=utf-8]}" onto public common.utils.SGResult cn.smartGym.controller.ManagerController.hardDelete() throws java.lang.Exception
2019-04-02 09:17:57  [ localhost-startStop-1:7236 ] - [ INFO ]  Mapped "{[/smartgym/manager/deleteItem],methods=[POST || GET],consumes=[application/x-www-form-urlencoded;charset=utf-8]}" onto public common.utils.SGResult cn.smartGym.controller.ManagerController.deleteItem(cn.smartGym.pojoCtr.ItemCtr)
2019-04-02 09:17:57  [ localhost-startStop-1:7237 ] - [ INFO ]  Mapped "{[/smartgym/manager/setUserAuthority],methods=[POST || GET],consumes=[application/x-www-form-urlencoded;charset=utf-8]}" onto public common.utils.SGResult cn.smartGym.controller.ManagerController.setUserAuthority(java.lang.Integer,java.lang.String[]) throws java.lang.Exception
2019-04-02 09:17:57  [ localhost-startStop-1:7238 ] - [ INFO ]  Mapped "{[/smartgym/manager/getUser],methods=[POST || GET],consumes=[application/x-www-form-urlencoded;charset=utf-8]}" onto public common.utils.SGResult cn.smartGym.controller.ManagerController.getUser(cn.smartGym.pojoCtr.SgUserCtr,java.lang.String) throws java.lang.Exception
2019-04-02 09:17:57  [ localhost-startStop-1:7238 ] - [ INFO ]  Mapped "{[/smartgym/manager/registerGrades],methods=[POST || GET],consumes=[application/x-www-form-urlencoded;charset=utf-8]}" onto public common.utils.SGResult cn.smartGym.controller.ManagerController.registerGrades(cn.smartGym.pojoCtr.PlayerCtr)
2019-04-02 09:17:57  [ localhost-startStop-1:7239 ] - [ INFO ]  Mapped "{[/smartgym/manager/downLoadExcel],methods=[POST || GET]}" onto public void cn.smartGym.controller.ManagerController.downLoadExcel(cn.smartGym.pojoCtr.fileDownloadCtr,javax.servlet.http.HttpServletRequest,javax.servlet.http.HttpServletResponse) throws java.lang.Exception
2019-04-02 09:17:57  [ localhost-startStop-1:7239 ] - [ INFO ]  Mapped "{[/smartgym/manager/maintenance],methods=[POST || GET],consumes=[application/x-www-form-urlencoded;charset=utf-8]}" onto public common.utils.SGResult cn.smartGym.controller.ManagerController.maintenance() throws java.lang.Exception
2019-04-02 09:17:57  [ localhost-startStop-1:7240 ] - [ INFO ]  Mapped "{[/smartgym/manager/addItem],methods=[POST || GET],consumes=[application/x-www-form-urlencoded;charset=utf-8]}" onto public common.utils.SGResult cn.smartGym.controller.ManagerController.addItem(cn.smartGym.pojoCtr.ItemCtr,java.lang.String) throws java.lang.Exception
2019-04-02 09:17:57  [ localhost-startStop-1:7241 ] - [ INFO ]  Mapped "{[/smartgym/pirture/getPictureUrl],methods=[POST || GET],consumes=[application/x-www-form-urlencoded;charset=utf-8]}" onto public common.utils.SGResult cn.smartGym.controller.PictureController.getPictureUrl(java.lang.Integer)
2019-04-02 09:17:57  [ localhost-startStop-1:7242 ] - [ INFO ]  Mapped "{[/smartgym/player/getPlayerListByStudentNo],methods=[POST || GET],consumes=[application/x-www-form-urlencoded;charset=utf-8]}" onto public common.utils.SGResult cn.smartGym.controller.PlayerController.getPlayerListByStudentNo(java.lang.String) throws java.lang.Exception
2019-04-02 09:17:57  [ localhost-startStop-1:7243 ] - [ INFO ]  Mapped "{[/smartgym/player/getPlayerListByItem],methods=[POST || GET],consumes=[application/x-www-form-urlencoded;charset=utf-8]}" onto public common.utils.SGResult cn.smartGym.controller.PlayerController.getPlayerListByItem(cn.smartGym.pojoCtr.ItemCtr)
2019-04-02 09:17:57  [ localhost-startStop-1:7245 ] - [ INFO ]  Mapped "{[/smartgym/remark/addRemark],methods=[POST || GET],consumes=[application/x-www-form-urlencoded;charset=utf-8]}" onto common.utils.SGResult cn.smartGym.controller.RemarkController.addRemark(cn.smartGym.pojo.Remark)
2019-04-02 09:17:57  [ localhost-startStop-1:7247 ] - [ INFO ]  Mapped "{[/smartgym/user/register],methods=[POST || GET],consumes=[application/x-www-form-urlencoded;charset=utf-8]}" onto public common.utils.SGResult cn.smartGym.controller.UserController.register(cn.smartGym.pojoCtr.SgUserCtr) throws java.lang.Exception
2019-04-02 09:17:57  [ localhost-startStop-1:7248 ] - [ INFO ]  Mapped "{[/smartgym/user/getAllCollegesAndCampus],methods=[POST || GET],consumes=[application/x-www-form-urlencoded;charset=utf-8]}" onto public common.utils.SGResult cn.smartGym.controller.UserController.getAllCollegesAndCampus() throws java.lang.Exception
2019-04-02 09:17:57  [ localhost-startStop-1:7249 ] - [ INFO ]  Mapped "{[/smartgym/user/update],methods=[POST || GET],consumes=[application/x-www-form-urlencoded;charset=utf-8]}" onto public common.utils.SGResult cn.smartGym.controller.UserController.updateUser(cn.smartGym.pojoCtr.SgUserCtr) throws java.lang.Exception
2019-04-02 09:17:57  [ localhost-startStop-1:7249 ] - [ INFO ]  Mapped "{[/smartgym/user/signIn],methods=[POST || GET],consumes=[application/x-www-form-urlencoded;charset=utf-8]}" onto public common.utils.SGResult cn.smartGym.controller.UserController.signIn(cn.smartGym.pojoCtr.SgUserCtr,java.lang.String) throws java.lang.Exception
2019-04-02 09:17:57  [ localhost-startStop-1:7250 ] - [ INFO ]  Mapped "{[/smartgym/user/delete],methods=[POST || GET],consumes=[application/x-www-form-urlencoded;charset=utf-8]}" onto public common.utils.SGResult cn.smartGym.controller.UserController.deleteUser(cn.smartGym.pojoCtr.SgUserCtr) throws java.lang.Exception
2019-04-02 09:17:59  [ localhost-startStop-1:8962 ] - [ INFO ]  Looking for @ControllerAdvice: WebApplicationContext for namespace 'smartGym-backEnd-web-servlet': startup date [Tue Apr 02 09:17:50 CST 2019]; root of context hierarchy
2019-04-02 09:17:59  [ localhost-startStop-1:9158 ] - [ INFO ]  Looking for @ControllerAdvice: WebApplicationContext for namespace 'smartGym-backEnd-web-servlet': startup date [Tue Apr 02 09:17:50 CST 2019]; root of context hierarchy
2019-04-02 09:17:59  [ localhost-startStop-1:9645 ] - [ INFO ]  FrameworkServlet 'smartGym-backEnd-web': initialization completed in 9480 ms
